<?xml version="1.0" encoding="UTF-8"?>
<!-- Generated by org.testng.reporters.JUnitReportReporter -->
<testsuite hostname="LAPTOP-6IJ9R6UE" failures="0" tests="2" name="pwcInterview.pwcInterview.IphoneSearchTest" time="16.931" errors="0" timestamp="2022-07-20T18:10:48 IST" skipped="0">
  <testcase classname="pwcInterview.pwcInterview.IphoneSearchTest" name="iphoneSearch" time="16.930"/>
  <system-out/>
  <testcase classname="pwcInterview.pwcInterview.IphoneSearchTest" name="addCart" time="0.001"/>
  <system-out/>
</testsuite> <!-- pwcInterview.pwcInterview.IphoneSearchTest -->
