<?xml version="1.0" encoding="UTF-8"?>
<!-- Generated by org.testng.reporters.JUnitReportReporter -->
<testsuite hostname="LAPTOP-6IJ9R6UE" failures="0" tests="1" name="pwcInterview.pwcInterview.addTocartTest" time="0.001" errors="0" timestamp="2022-07-20T14:30:15 IST" skipped="0">
  <testcase classname="pwcInterview.pwcInterview.addTocartTest" name="addToCart" time="0.001"/>
  <system-out/>
</testsuite> <!-- pwcInterview.pwcInterview.addTocartTest -->
